2018-01-18 00:06:55 INFO  JavaRushTasksProjectComponent.projectOpened(68) - ---------- Project JavaRushTasks opened ----------

2018-01-18 00:06:55 INFO  ApacheHttpClient.createAsyncHttpClient(125) - Выбрано 1 прокси.
2018-01-18 00:06:55 INFO  ApacheHttpClient.<init>(85) - ApacheHttpClient проинстанциирован успешно.
2018-01-18 00:06:56 INFO  ApacheHttpClient.testConnection(178) - responseCode = 200
2018-01-18 00:06:56 INFO  ApacheHttpClient.testConnection(185) - result = true
2018-01-18 00:06:56 INFO  ApacheHttpClient.login(209) - Ожидание ответа сервера.
2018-01-18 00:06:56 INFO  ApacheHttpClient.login(213) - responseCode200
2018-01-18 00:06:56 INFO  ApacheHttpClient.login(244) - JSESSIONID=1FB6189B4B6BA4205FB8D849B2A64C96
2018-01-18 00:06:56 INFO  ApacheHttpClient.refreshUserInfo(272) - responseCode = 200
2018-01-18 00:06:57 INFO  ApacheHttpClient.refreshUserInfo(278) - Информация о пользователе получена.
2018-01-18 00:06:57 INFO  ApacheHttpClient.startGA(32) - GAService запущен.
2018-01-18 00:06:57 INFO  AbstractRestApiClient.startService(70) - EventsService запущен.
2018-01-18 00:06:58 INFO  ApacheHttpClient.testConnection(178) - responseCode = 200
2018-01-18 00:06:58 INFO  ApacheHttpClient.testConnection(185) - result = true
2018-01-18 00:06:58 INFO  ApacheHttpClient.testConnection(178) - responseCode = 200
2018-01-18 00:06:58 INFO  ApacheHttpClient.testConnection(185) - result = true
2018-01-18 00:06:59 INFO  ApacheHttpClient.getWebResourceAsStream(420) - responseCode = 200
2018-01-18 00:07:05 INFO  ApacheHttpClient.testConnection(178) - responseCode = 200
2018-01-18 00:07:05 INFO  ApacheHttpClient.testConnection(185) - result = true
2018-01-18 00:07:06 INFO  ApacheHttpClient.testConnection(178) - responseCode = 200
2018-01-18 00:07:06 INFO  ApacheHttpClient.testConnection(185) - result = true
2018-01-18 00:07:06 INFO  ApacheHttpClient.testConnection(178) - responseCode = 200
2018-01-18 00:07:06 INFO  ApacheHttpClient.testConnection(185) - result = true
2018-01-18 00:07:09 INFO  ApacheHttpClient.getWebResourceAsStream(420) - responseCode = 200
2018-01-18 00:07:10 INFO  ApacheHttpClient.getFilteredTasks(307) - responseCode = 200
2018-01-18 00:07:20 INFO  ApacheHttpClient.getTaskTemplateInfo(324) - responseCode = 200
2018-01-18 00:07:23 INFO  ApacheHttpClient.testConnection(178) - responseCode = 200
2018-01-18 00:07:23 INFO  ApacheHttpClient.testConnection(185) - result = true
2018-01-18 00:07:23 INFO  ApacheHttpClient.testConnection(178) - responseCode = 200
2018-01-18 00:07:23 INFO  ApacheHttpClient.testConnection(185) - result = true
2018-01-18 00:07:24 INFO  ApacheHttpClient.getWebResourceAsStream(420) - responseCode = 200
2018-01-18 00:07:57 INFO  ApacheHttpClient.sendEvent(450) - responseCode = 200
2018-01-18 00:08:57 INFO  ApacheHttpClient.sendEvent(450) - responseCode = 200
2018-01-18 00:09:57 INFO  ApacheHttpClient.sendEvent(450) - responseCode = 200
2018-01-18 00:10:57 INFO  ApacheHttpClient.sendEvent(450) - responseCode = 200
2018-01-18 00:11:57 INFO  ApacheHttpClient.sendEvent(450) - responseCode = 200
2018-01-18 00:12:57 INFO  ApacheHttpClient.sendEvent(450) - responseCode = 200
2018-01-18 00:13:57 INFO  ApacheHttpClient.sendEvent(450) - responseCode = 200
2018-01-18 00:14:57 INFO  ApacheHttpClient.sendEvent(450) - responseCode = 200
2018-01-18 00:15:57 INFO  ApacheHttpClient.sendEvent(450) - responseCode = 200
2018-01-18 00:16:08 INFO  ApacheHttpClient.getWebResourceAsStream(420) - responseCode = 200
2018-01-18 00:16:09 INFO  ApacheHttpClient.getTask(405) - responseCode = 200
2018-01-18 00:16:09 INFO  ApacheHttpClient.getWebResourceAsStream(420) - responseCode = 200
2018-01-18 00:16:11 INFO  ApacheHttpClient.completed(27) - responseCode = 200
2018-01-18 00:16:57 INFO  ApacheHttpClient.sendEvent(450) - responseCode = 200
2018-01-18 00:17:04 INFO  ApacheHttpClient.getWebResourceAsStream(420) - responseCode = 200
2018-01-18 00:17:04 INFO  ApacheHttpClient.getTask(405) - responseCode = 200
2018-01-18 00:17:57 INFO  ApacheHttpClient.sendEvent(450) - responseCode = 200
2018-01-18 00:18:57 INFO  ApacheHttpClient.sendEvent(450) - responseCode = 200
2018-01-18 00:19:12 INFO  ApacheHttpClient.getWebResourceAsStream(420) - responseCode = 200
2018-01-18 00:19:13 INFO  ApacheHttpClient.getTask(405) - responseCode = 200
2018-01-18 00:19:13 INFO  ApacheHttpClient.getWebResourceAsStream(420) - responseCode = 200
2018-01-18 00:19:15 INFO  ApacheHttpClient.completed(27) - responseCode = 200
2018-01-18 00:19:15 INFO  ApacheHttpClient.getTask(405) - responseCode = 200
2018-01-18 00:19:57 INFO  ApacheHttpClient.sendEvent(450) - responseCode = 200
2018-01-18 00:20:57 INFO  ApacheHttpClient.sendEvent(450) - responseCode = 200
2018-01-18 00:21:57 INFO  ApacheHttpClient.sendEvent(450) - responseCode = 200
2018-01-18 00:22:57 INFO  ApacheHttpClient.sendEvent(450) - responseCode = 200
2018-01-18 00:23:57 INFO  ApacheHttpClient.sendEvent(450) - responseCode = 200
2018-01-18 00:24:57 INFO  ApacheHttpClient.sendEvent(450) - responseCode = 200
